Determining if the pthread_create exist failed with the following output:
Change Dir: /home/datla/Documents/Cpp/Callback/Build/CMakeFiles/CMakeTmp

Run Build Command:"/usr/bin/make" "cmTC_fae5a/fast"
make[1]: Entering directory '/home/datla/Documents/Cpp/Callback/Build/CMakeFiles/CMakeTmp'
/usr/bin/make -f CMakeFiles/cmTC_fae5a.dir/build.make CMakeFiles/cmTC_fae5a.dir/build
make[2]: Entering directory '/home/datla/Documents/Cpp/Callback/Build/CMakeFiles/CMakeTmp'
Building C object CMakeFiles/cmTC_fae5a.dir/CheckSymbolExists.c.o
/usr/bin/cc     -o CMakeFiles/cmTC_fae5a.dir/CheckSymbolExists.c.o   -c /home/datla/Documents/Cpp/Callback/Build/CMakeFiles/CMakeTmp/CheckSymbolExists.c
Linking C executable cmTC_fae5a
/usr/bin/cmake -E cmake_link_script CMakeFiles/cmTC_fae5a.dir/link.txt --verbose=1
/usr/bin/cc       CMakeFiles/cmTC_fae5a.dir/CheckSymbolExists.c.o  -o cmTC_fae5a -rdynamic 
CMakeFiles/cmTC_fae5a.dir/CheckSymbolExists.c.o: In function `main':
CheckSymbolExists.c:(.text+0x16): undefined reference to `pthread_create'
collect2: error: ld returned 1 exit status
CMakeFiles/cmTC_fae5a.dir/build.make:97: recipe for target 'cmTC_fae5a' failed
make[2]: *** [cmTC_fae5a] Error 1
make[2]: Leaving directory '/home/datla/Documents/Cpp/Callback/Build/CMakeFiles/CMakeTmp'
Makefile:126: recipe for target 'cmTC_fae5a/fast' failed
make[1]: *** [cmTC_fae5a/fast] Error 2
make[1]: Leaving directory '/home/datla/Documents/Cpp/Callback/Build/CMakeFiles/CMakeTmp'

File /home/datla/Documents/Cpp/Callback/Build/CMakeFiles/CMakeTmp/CheckSymbolExists.c:
/* */
#include <pthread.h>

int main(int argc, char** argv)
{
  (void)argv;
#ifndef pthread_create
  return ((int*)(&pthread_create))[argc];
#else
  (void)argc;
  return 0;
#endif
}

Determining if the function pthread_create exists in the pthreads failed with the following output:
Change Dir: /home/datla/Documents/Cpp/Callback/Build/CMakeFiles/CMakeTmp

Run Build Command:"/usr/bin/make" "cmTC_a44f9/fast"
make[1]: Entering directory '/home/datla/Documents/Cpp/Callback/Build/CMakeFiles/CMakeTmp'
/usr/bin/make -f CMakeFiles/cmTC_a44f9.dir/build.make CMakeFiles/cmTC_a44f9.dir/build
make[2]: Entering directory '/home/datla/Documents/Cpp/Callback/Build/CMakeFiles/CMakeTmp'
Building C object CMakeFiles/cmTC_a44f9.dir/CheckFunctionExists.c.o
/usr/bin/cc    -DCHECK_FUNCTION_EXISTS=pthread_create   -o CMakeFiles/cmTC_a44f9.dir/CheckFunctionExists.c.o   -c /usr/share/cmake-3.5/Modules/CheckFunctionExists.c
Linking C executable cmTC_a44f9
/usr/bin/cmake -E cmake_link_script CMakeFiles/cmTC_a44f9.dir/link.txt --verbose=1
/usr/bin/cc   -DCHECK_FUNCTION_EXISTS=pthread_create    CMakeFiles/cmTC_a44f9.dir/CheckFunctionExists.c.o  -o cmTC_a44f9 -rdynamic -lpthreads 
/usr/bin/ld: cannot find -lpthreads
collect2: error: ld returned 1 exit status
CMakeFiles/cmTC_a44f9.dir/build.make:97: recipe for target 'cmTC_a44f9' failed
make[2]: *** [cmTC_a44f9] Error 1
make[2]: Leaving directory '/home/datla/Documents/Cpp/Callback/Build/CMakeFiles/CMakeTmp'
Makefile:126: recipe for target 'cmTC_a44f9/fast' failed
make[1]: *** [cmTC_a44f9/fast] Error 2
make[1]: Leaving directory '/home/datla/Documents/Cpp/Callback/Build/CMakeFiles/CMakeTmp'


