1559688656.418876121 : HwInit :: Initialized HL7588 cell hardware
1559688660.467802204 : CellSrvStateChg :: Cell HW State = 1
1559688660.467883663 : CellSrvStateCheckHwInit :: Hardware init passed
1559688690.501143375 : CellSrvStateOpenSerialPort :: Serial port opened [/dev/ttyCell0]
1559688690.501759208 : CellSrvStateOpenSerialPort :: Leaving serial state
1559688690.503746500 :  +CREG: 1,"DE84","0A1B8010",7  +CGREG: 1,"0000","0A1B8010",7,"00"  +PBREADY  +SIM: 1  +KSUP: 0 
1559688692.507840125 : CellSrvStateChg :: Cell HW State = 2
1559688692.507955042 : CellSrvStateStartDetect :: Starting detect state
1559688693.508619667 : AT 
1559688693.513208000 : AT  OK 
1559688693.513498042 : AT+CMEE=0 
1559688693.514832208 : AT+CMEE=0  OK 
1559688693.515382333 : AT+CGREG=2 
1559688693.516247625 : AT+CGREG=2  OK 
1559688693.517537958 : AT+CIMI 
1559688693.518148667 : AT+CIMI  310170820561335  OK 
1559688693.518938875 : AT+LOGLV=high 
1559688693.522555042 : AT+LOGLV=high  OK 
1559688693.523953542 : AT+CCID 
1559688693.525657917 : AT+CCID  +CCID: 89011703278205613352  OK 
1559688693.528606583 : AT+CGSN 
1559688693.539366333 : AT+CGSN  014284004585901  OK 
1559688693.539577250 : AT+CGMR 
1559688693.543507208 : AT+CGMR  RHL75xx.A.2.15.151600.201809201422.x7160_3  OK 
1559688693.546183458 : AT+KGSN=3 
1559688693.548053542 : AT+KGSN=3  +KGSN: N3843700701510  OK 
1559688693.549701583 : AT+CGMI 
